<?xml version="1.0" encoding="utf-8"?><testsuites name="pytest tests"><testsuite name="pytest" errors="0" failures="1" skipped="0" tests="22" time="10.733" timestamp="2026-02-27T21:57:40.762270+00:00" hostname="agent-env-3159d8f3-e56e-43e2-8309-2109645d4d8d"><testcase classname="backend.tests.test_phase2_apis.TestAuthenticationFlow" name="test_admin_login_with_admin_type" time="0.403" /><testcase classname="backend.tests.test_phase2_apis.TestAuthenticationFlow" name="test_user_login_with_user_type" time="0.360" /><testcase classname="backend.tests.test_phase2_apis.TestAuthenticationFlow" name="test_user_cannot_login_with_admin_type" time="0.335" /><testcase classname="backend.tests.test_phase2_apis.TestAuthenticationFlow" name="test_admin_cannot_login_with_user_type" time="0.346" /><testcase classname="backend.tests.test_phase2_apis.TestAuthenticationFlow" name="test_invalid_credentials" time="0.161" /><testcase classname="backend.tests.test_phase2_apis.TestAdminDashboard" name="test_dashboard_returns_all_stats" time="0.470" /><testcase classname="backend.tests.test_phase2_apis.TestNavPagesCRUD" name="test_list_nav_pages" time="0.484" /><testcase classname="backend.tests.test_phase2_apis.TestNavPagesCRUD" name="test_create_nav_page" time="0.626" /><testcase classname="backend.tests.test_phase2_apis.TestNavPagesCRUD" name="test_update_nav_page" time="0.721" /><testcase classname="backend.tests.test_phase2_apis.TestNavPagesCRUD" name="test_delete_nav_page" time="0.589" /><testcase classname="backend.tests.test_phase2_apis.TestUsersCRUD" name="test_list_users" time="0.441" /><testcase classname="backend.tests.test_phase2_apis.TestUsersCRUD" name="test_create_user" time="0.837" /><testcase classname="backend.tests.test_phase2_apis.TestUsersCRUD" name="test_update_user" time="0.932" /><testcase classname="backend.tests.test_phase2_apis.TestUsersCRUD" name="test_delete_user" time="1.008" /><testcase classname="backend.tests.test_phase2_apis.TestUsersCRUD" name="test_duplicate_email_rejected" time="0.489" /><testcase classname="backend.tests.test_phase2_apis.TestSettingsAPI" name="test_get_settings" time="0.459" /><testcase classname="backend.tests.test_phase2_apis.TestSettingsAPI" name="test_update_settings_colors" time="0.779" /><testcase classname="backend.tests.test_phase2_apis.TestPublicNavPages" name="test_public_nav_pages" time="0.125" /><testcase classname="backend.tests.test_phase2_apis.TestExternalBlogAPI" name="test_blog_latest" time="0.307" /><testcase classname="backend.tests.test_phase2_apis.TestContactForm" name="test_contact_submission" time="0.111" /><testcase classname="backend.tests.test_phase2_apis.TestPublicBooks" name="test_get_books" time="0.115"><failure message="assert 'who_is_it_for' in {'amazon_link': 'https://amazon.com', 'author': 'Jim Collins', 'created_at': '2026-02-26T23:34:26.380337+00:00', 'description': &quot;Why some companies make the leap and others don't. A landmark study revealing what it takes to transform a good company into one that produces sustained great results.\n\nWhy some companies make the leap and others don't. A landmark study revealing what it takes to transform a good company into one that produces sustained great results.\n\nWhy some companies make the leap and others don't. A landmark study revealing what it takes to transform a good company into one that produces sustained great results.\n\nWhy some companies make the leap and others don't. A landmark study revealing what it takes to transform a good company into one that produces sustained great results.&quot;, ...}">backend/tests/test_phase2_apis.py:412: in test_get_books
    assert "who_is_it_for" in book
E   assert 'who_is_it_for' in {'amazon_link': 'https://amazon.com', 'author': 'Jim Collins', 'created_at': '2026-02-26T23:34:26.380337+00:00', 'description': "Why some companies make the leap and others don't. A landmark study revealing what it takes to transform a good company into one that produces sustained great results.\n\nWhy some companies make the leap and others don't. A landmark study revealing what it takes to transform a good company into one that produces sustained great results.\n\nWhy some companies make the leap and others don't. A landmark study revealing what it takes to transform a good company into one that produces sustained great results.\n\nWhy some companies make the leap and others don't. A landmark study revealing what it takes to transform a good company into one that produces sustained great results.", ...}</failure></testcase><testcase classname="backend.tests.test_phase2_apis.TestSMTPEndpoints" name="test_smtp_test_connection_endpoint_exists" time="0.465" /></testsuite></testsuites>